<?xml version="1.0" encoding="UTF-8"?>
<testsuite xmlns:xsi="http://www.w3.org/2001/XMLSchema-instance" xsi:noNamespaceSchemaLocation="https://maven.apache.org/surefire/maven-surefire-plugin/xsd/surefire-test-report.xsd" name="br.com.maddytec.cliente.ClienteApplicationTests" time="16.547" tests="1" errors="0" skipped="0" failures="0">
  <properties>
    <property name="java.specification.version" value="17"/>
    <property name="sun.cpu.isalist" value="amd64"/>
    <property name="sun.jnu.encoding" value="Cp1252"/>
    <property name="java.class.path" value="C:\Users\joao.martins\Desktop\ESTUDO\Api-Controle-de-estoque\apiControleDeEstoque\target\test-classes;C:\Users\joao.martins\Desktop\ESTUDO\Api-Controle-de-estoque\apiControleDeEstoque\target\classes;C:\Users\joao.martins\.m2\org\springframework\boot\spring-boot-starter-data-jpa\2.5.3\spring-boot-starter-data-jpa-2.5.3.jar;C:\Users\joao.martins\.m2\org\springframework\boot\spring-boot-starter-aop\2.5.3\spring-boot-starter-aop-2.5.3.jar;C:\Users\joao.martins\.m2\org\springframework\spring-aop\5.3.9\spring-aop-5.3.9.jar;C:\Users\joao.martins\.m2\org\aspectj\aspectjweaver\1.9.7\aspectjweaver-1.9.7.jar;C:\Users\joao.martins\.m2\org\springframework\boot\spring-boot-starter-jdbc\2.5.3\spring-boot-starter-jdbc-2.5.3.jar;C:\Users\joao.martins\.m2\com\zaxxer\HikariCP\4.0.3\HikariCP-4.0.3.jar;C:\Users\joao.martins\.m2\org\springframework\spring-jdbc\5.3.9\spring-jdbc-5.3.9.jar;C:\Users\joao.martins\.m2\jakarta\transaction\jakarta.transaction-api\1.3.3\jakarta.transaction-api-1.3.3.jar;C:\Users\joao.martins\.m2\jakarta\persistence\jakarta.persistence-api\2.2.3\jakarta.persistence-api-2.2.3.jar;C:\Users\joao.martins\.m2\org\hibernate\hibernate-core\5.4.32.Final\hibernate-core-5.4.32.Final.jar;C:\Users\joao.martins\.m2\org\jboss\logging\jboss-logging\3.4.2.Final\jboss-logging-3.4.2.Final.jar;C:\Users\joao.martins\.m2\org\javassist\javassist\3.27.0-GA\javassist-3.27.0-GA.jar;C:\Users\joao.martins\.m2\net\bytebuddy\byte-buddy\1.10.22\byte-buddy-1.10.22.jar;C:\Users\joao.martins\.m2\antlr\antlr\2.7.7\antlr-2.7.7.jar;C:\Users\joao.martins\.m2\org\jboss\jandex\2.2.3.Final\jandex-2.2.3.Final.jar;C:\Users\joao.martins\.m2\org\dom4j\dom4j\2.1.3\dom4j-2.1.3.jar;C:\Users\joao.martins\.m2\org\hibernate\common\hibernate-commons-annotations\5.1.2.Final\hibernate-commons-annotations-5.1.2.Final.jar;C:\Users\joao.martins\.m2\org\glassfish\jaxb\jaxb-runtime\2.3.4\jaxb-runtime-2.3.4.jar;C:\Users\joao.martins\.m2\org\glassfish\jaxb\txw2\2.3.4\txw2-2.3.4.jar;C:\Users\joao.martins\.m2\com\sun\istack\istack-commons-runtime\3.0.12\istack-commons-runtime-3.0.12.jar;C:\Users\joao.martins\.m2\com\sun\activation\jakarta.activation\1.2.2\jakarta.activation-1.2.2.jar;C:\Users\joao.martins\.m2\org\springframework\data\spring-data-jpa\2.5.3\spring-data-jpa-2.5.3.jar;C:\Users\joao.martins\.m2\org\springframework\data\spring-data-commons\2.5.3\spring-data-commons-2.5.3.jar;C:\Users\joao.martins\.m2\org\springframework\spring-orm\5.3.9\spring-orm-5.3.9.jar;C:\Users\joao.martins\.m2\org\springframework\spring-context\5.3.9\spring-context-5.3.9.jar;C:\Users\joao.martins\.m2\org\springframework\spring-tx\5.3.9\spring-tx-5.3.9.jar;C:\Users\joao.martins\.m2\org\springframework\spring-beans\5.3.9\spring-beans-5.3.9.jar;C:\Users\joao.martins\.m2\org\springframework\spring-aspects\5.3.9\spring-aspects-5.3.9.jar;C:\Users\joao.martins\.m2\org\springframework\boot\spring-boot-starter-web\2.5.3\spring-boot-starter-web-2.5.3.jar;C:\Users\joao.martins\.m2\org\springframework\boot\spring-boot-starter\2.5.3\spring-boot-starter-2.5.3.jar;C:\Users\joao.martins\.m2\org\springframework\boot\spring-boot\2.5.3\spring-boot-2.5.3.jar;C:\Users\joao.martins\.m2\org\springframework\boot\spring-boot-autoconfigure\2.5.3\spring-boot-autoconfigure-2.5.3.jar;C:\Users\joao.martins\.m2\org\springframework\boot\spring-boot-starter-logging\2.5.3\spring-boot-starter-logging-2.5.3.jar;C:\Users\joao.martins\.m2\ch\qos\logback\logback-classic\1.2.4\logback-classic-1.2.4.jar;C:\Users\joao.martins\.m2\ch\qos\logback\logback-core\1.2.4\logback-core-1.2.4.jar;C:\Users\joao.martins\.m2\org\apache\logging\log4j\log4j-to-slf4j\2.14.1\log4j-to-slf4j-2.14.1.jar;C:\Users\joao.martins\.m2\org\apache\logging\log4j\log4j-api\2.14.1\log4j-api-2.14.1.jar;C:\Users\joao.martins\.m2\org\slf4j\jul-to-slf4j\1.7.32\jul-to-slf4j-1.7.32.jar;C:\Users\joao.martins\.m2\jakarta\annotation\jakarta.annotation-api\1.3.5\jakarta.annotation-api-1.3.5.jar;C:\Users\joao.martins\.m2\org\yaml\snakeyaml\1.28\snakeyaml-1.28.jar;C:\Users\joao.martins\.m2\org\springframework\boot\spring-boot-starter-json\2.5.3\spring-boot-starter-json-2.5.3.jar;C:\Users\joao.martins\.m2\com\fasterxml\jackson\core\jackson-databind\2.12.4\jackson-databind-2.12.4.jar;C:\Users\joao.martins\.m2\com\fasterxml\jackson\core\jackson-core\2.12.4\jackson-core-2.12.4.jar;C:\Users\joao.martins\.m2\com\fasterxml\jackson\datatype\jackson-datatype-jdk8\2.12.4\jackson-datatype-jdk8-2.12.4.jar;C:\Users\joao.martins\.m2\com\fasterxml\jackson\datatype\jackson-datatype-jsr310\2.12.4\jackson-datatype-jsr310-2.12.4.jar;C:\Users\joao.martins\.m2\com\fasterxml\jackson\module\jackson-module-parameter-names\2.12.4\jackson-module-parameter-names-2.12.4.jar;C:\Users\joao.martins\.m2\org\springframework\boot\spring-boot-starter-tomcat\2.5.3\spring-boot-starter-tomcat-2.5.3.jar;C:\Users\joao.martins\.m2\org\apache\tomcat\embed\tomcat-embed-core\9.0.50\tomcat-embed-core-9.0.50.jar;C:\Users\joao.martins\.m2\org\apache\tomcat\embed\tomcat-embed-websocket\9.0.50\tomcat-embed-websocket-9.0.50.jar;C:\Users\joao.martins\.m2\org\springframework\spring-web\5.3.9\spring-web-5.3.9.jar;C:\Users\joao.martins\.m2\org\springframework\spring-webmvc\5.3.9\spring-webmvc-5.3.9.jar;C:\Users\joao.martins\.m2\org\springframework\spring-expression\5.3.9\spring-expression-5.3.9.jar;C:\Users\joao.martins\.m2\org\springframework\boot\spring-boot-starter-validation\2.5.3\spring-boot-starter-validation-2.5.3.jar;C:\Users\joao.martins\.m2\org\apache\tomcat\embed\tomcat-embed-el\9.0.50\tomcat-embed-el-9.0.50.jar;C:\Users\joao.martins\.m2\org\hibernate\validator\hibernate-validator\6.2.0.Final\hibernate-validator-6.2.0.Final.jar;C:\Users\joao.martins\.m2\jakarta\validation\jakarta.validation-api\2.0.2\jakarta.validation-api-2.0.2.jar;C:\Users\joao.martins\.m2\com\h2database\h2\1.4.200\h2-1.4.200.jar;C:\Users\joao.martins\.m2\io\springfox\springfox-swagger2\2.9.2\springfox-swagger2-2.9.2.jar;C:\Users\joao.martins\.m2\io\swagger\swagger-annotations\1.5.20\swagger-annotations-1.5.20.jar;C:\Users\joao.martins\.m2\io\swagger\swagger-models\1.5.20\swagger-models-1.5.20.jar;C:\Users\joao.martins\.m2\com\fasterxml\jackson\core\jackson-annotations\2.12.4\jackson-annotations-2.12.4.jar;C:\Users\joao.martins\.m2\io\springfox\springfox-spi\2.9.2\springfox-spi-2.9.2.jar;C:\Users\joao.martins\.m2\io\springfox\springfox-core\2.9.2\springfox-core-2.9.2.jar;C:\Users\joao.martins\.m2\io\springfox\springfox-schema\2.9.2\springfox-schema-2.9.2.jar;C:\Users\joao.martins\.m2\io\springfox\springfox-swagger-common\2.9.2\springfox-swagger-common-2.9.2.jar;C:\Users\joao.martins\.m2\io\springfox\springfox-spring-web\2.9.2\springfox-spring-web-2.9.2.jar;C:\Users\joao.martins\.m2\com\google\guava\guava\20.0\guava-20.0.jar;C:\Users\joao.martins\.m2\com\fasterxml\classmate\1.5.1\classmate-1.5.1.jar;C:\Users\joao.martins\.m2\org\slf4j\slf4j-api\1.7.32\slf4j-api-1.7.32.jar;C:\Users\joao.martins\.m2\org\springframework\plugin\spring-plugin-core\1.2.0.RELEASE\spring-plugin-core-1.2.0.RELEASE.jar;C:\Users\joao.martins\.m2\org\springframework\plugin\spring-plugin-metadata\1.2.0.RELEASE\spring-plugin-metadata-1.2.0.RELEASE.jar;C:\Users\joao.martins\.m2\org\mapstruct\mapstruct\1.2.0.Final\mapstruct-1.2.0.Final.jar;C:\Users\joao.martins\.m2\io\springfox\springfox-swagger-ui\2.9.2\springfox-swagger-ui-2.9.2.jar;C:\Users\joao.martins\.m2\org\projectlombok\lombok\1.18.20\lombok-1.18.20.jar;C:\Users\joao.martins\.m2\org\modelmapper\modelmapper\2.3.5\modelmapper-2.3.5.jar;C:\Users\joao.martins\.m2\org\springframework\boot\spring-boot-starter-test\2.5.3\spring-boot-starter-test-2.5.3.jar;C:\Users\joao.martins\.m2\org\springframework\boot\spring-boot-test\2.5.3\spring-boot-test-2.5.3.jar;C:\Users\joao.martins\.m2\org\springframework\boot\spring-boot-test-autoconfigure\2.5.3\spring-boot-test-autoconfigure-2.5.3.jar;C:\Users\joao.martins\.m2\com\jayway\jsonpath\json-path\2.5.0\json-path-2.5.0.jar;C:\Users\joao.martins\.m2\net\minidev\json-smart\2.4.7\json-smart-2.4.7.jar;C:\Users\joao.martins\.m2\net\minidev\accessors-smart\2.4.7\accessors-smart-2.4.7.jar;C:\Users\joao.martins\.m2\org\ow2\asm\asm\9.1\asm-9.1.jar;C:\Users\joao.martins\.m2\jakarta\xml\bind\jakarta.xml.bind-api\2.3.3\jakarta.xml.bind-api-2.3.3.jar;C:\Users\joao.martins\.m2\jakarta\activation\jakarta.activation-api\1.2.2\jakarta.activation-api-1.2.2.jar;C:\Users\joao.martins\.m2\org\assertj\assertj-core\3.19.0\assertj-core-3.19.0.jar;C:\Users\joao.martins\.m2\org\hamcrest\hamcrest\2.2\hamcrest-2.2.jar;C:\Users\joao.martins\.m2\org\junit\jupiter\junit-jupiter\5.7.2\junit-jupiter-5.7.2.jar;C:\Users\joao.martins\.m2\org\junit\jupiter\junit-jupiter-api\5.7.2\junit-jupiter-api-5.7.2.jar;C:\Users\joao.martins\.m2\org\apiguardian\apiguardian-api\1.1.0\apiguardian-api-1.1.0.jar;C:\Users\joao.martins\.m2\org\opentest4j\opentest4j\1.2.0\opentest4j-1.2.0.jar;C:\Users\joao.martins\.m2\org\junit\platform\junit-platform-commons\1.7.2\junit-platform-commons-1.7.2.jar;C:\Users\joao.martins\.m2\org\junit\jupiter\junit-jupiter-params\5.7.2\junit-jupiter-params-5.7.2.jar;C:\Users\joao.martins\.m2\org\junit\jupiter\junit-jupiter-engine\5.7.2\junit-jupiter-engine-5.7.2.jar;C:\Users\joao.martins\.m2\org\junit\platform\junit-platform-engine\1.7.2\junit-platform-engine-1.7.2.jar;C:\Users\joao.martins\.m2\org\mockito\mockito-core\3.9.0\mockito-core-3.9.0.jar;C:\Users\joao.martins\.m2\net\bytebuddy\byte-buddy-agent\1.10.22\byte-buddy-agent-1.10.22.jar;C:\Users\joao.martins\.m2\org\objenesis\objenesis\3.2\objenesis-3.2.jar;C:\Users\joao.martins\.m2\org\mockito\mockito-junit-jupiter\3.9.0\mockito-junit-jupiter-3.9.0.jar;C:\Users\joao.martins\.m2\org\skyscreamer\jsonassert\1.5.0\jsonassert-1.5.0.jar;C:\Users\joao.martins\.m2\com\vaadin\external\google\android-json\0.0.20131108.vaadin1\android-json-0.0.20131108.vaadin1.jar;C:\Users\joao.martins\.m2\org\springframework\spring-core\5.3.9\spring-core-5.3.9.jar;C:\Users\joao.martins\.m2\org\springframework\spring-jcl\5.3.9\spring-jcl-5.3.9.jar;C:\Users\joao.martins\.m2\org\springframework\spring-test\5.3.9\spring-test-5.3.9.jar;C:\Users\joao.martins\.m2\org\xmlunit\xmlunit-core\2.8.2\xmlunit-core-2.8.2.jar;"/>
    <property name="java.vm.vendor" value="Eclipse Adoptium"/>
    <property name="sun.arch.data.model" value="64"/>
    <property name="user.variant" value=""/>
    <property name="java.vendor.url" value="https://adoptium.net/"/>
    <property name="user.timezone" value="America/Sao_Paulo"/>
    <property name="os.name" value="Windows 10"/>
    <property name="java.vm.specification.version" value="17"/>
    <property name="sun.java.launcher" value="SUN_STANDARD"/>
    <property name="user.country" value="BR"/>
    <property name="sun.boot.library.path" value="C:\Users\joao.martins\Downloads\sts-4.14.1.RELEASE\plugins\org.eclipse.justj.openjdk.hotspot.jre.full.win32.x86_64_17.0.2.v20220201-1208\jre\bin"/>
    <property name="sun.java.command" value="C:\Users\JOAO~1.MAR\AppData\Local\Temp\surefire17020641555725083345\surefirebooter1438190877705931476.jar C:\Users\joao.martins\AppData\Local\Temp\surefire17020641555725083345 2023-04-12T08-20-18_005-jvmRun1 surefire6686636989401139565tmp surefire_01851636194249441639tmp"/>
    <property name="jdk.debug" value="release"/>
    <property name="surefire.test.class.path" value="C:\Users\joao.martins\Desktop\ESTUDO\Api-Controle-de-estoque\apiControleDeEstoque\target\test-classes;C:\Users\joao.martins\Desktop\ESTUDO\Api-Controle-de-estoque\apiControleDeEstoque\target\classes;C:\Users\joao.martins\.m2\org\springframework\boot\spring-boot-starter-data-jpa\2.5.3\spring-boot-starter-data-jpa-2.5.3.jar;C:\Users\joao.martins\.m2\org\springframework\boot\spring-boot-starter-aop\2.5.3\spring-boot-starter-aop-2.5.3.jar;C:\Users\joao.martins\.m2\org\springframework\spring-aop\5.3.9\spring-aop-5.3.9.jar;C:\Users\joao.martins\.m2\org\aspectj\aspectjweaver\1.9.7\aspectjweaver-1.9.7.jar;C:\Users\joao.martins\.m2\org\springframework\boot\spring-boot-starter-jdbc\2.5.3\spring-boot-starter-jdbc-2.5.3.jar;C:\Users\joao.martins\.m2\com\zaxxer\HikariCP\4.0.3\HikariCP-4.0.3.jar;C:\Users\joao.martins\.m2\org\springframework\spring-jdbc\5.3.9\spring-jdbc-5.3.9.jar;C:\Users\joao.martins\.m2\jakarta\transaction\jakarta.transaction-api\1.3.3\jakarta.transaction-api-1.3.3.jar;C:\Users\joao.martins\.m2\jakarta\persistence\jakarta.persistence-api\2.2.3\jakarta.persistence-api-2.2.3.jar;C:\Users\joao.martins\.m2\org\hibernate\hibernate-core\5.4.32.Final\hibernate-core-5.4.32.Final.jar;C:\Users\joao.martins\.m2\org\jboss\logging\jboss-logging\3.4.2.Final\jboss-logging-3.4.2.Final.jar;C:\Users\joao.martins\.m2\org\javassist\javassist\3.27.0-GA\javassist-3.27.0-GA.jar;C:\Users\joao.martins\.m2\net\bytebuddy\byte-buddy\1.10.22\byte-buddy-1.10.22.jar;C:\Users\joao.martins\.m2\antlr\antlr\2.7.7\antlr-2.7.7.jar;C:\Users\joao.martins\.m2\org\jboss\jandex\2.2.3.Final\jandex-2.2.3.Final.jar;C:\Users\joao.martins\.m2\org\dom4j\dom4j\2.1.3\dom4j-2.1.3.jar;C:\Users\joao.martins\.m2\org\hibernate\common\hibernate-commons-annotations\5.1.2.Final\hibernate-commons-annotations-5.1.2.Final.jar;C:\Users\joao.martins\.m2\org\glassfish\jaxb\jaxb-runtime\2.3.4\jaxb-runtime-2.3.4.jar;C:\Users\joao.martins\.m2\org\glassfish\jaxb\txw2\2.3.4\txw2-2.3.4.jar;C:\Users\joao.martins\.m2\com\sun\istack\istack-commons-runtime\3.0.12\istack-commons-runtime-3.0.12.jar;C:\Users\joao.martins\.m2\com\sun\activation\jakarta.activation\1.2.2\jakarta.activation-1.2.2.jar;C:\Users\joao.martins\.m2\org\springframework\data\spring-data-jpa\2.5.3\spring-data-jpa-2.5.3.jar;C:\Users\joao.martins\.m2\org\springframework\data\spring-data-commons\2.5.3\spring-data-commons-2.5.3.jar;C:\Users\joao.martins\.m2\org\springframework\spring-orm\5.3.9\spring-orm-5.3.9.jar;C:\Users\joao.martins\.m2\org\springframework\spring-context\5.3.9\spring-context-5.3.9.jar;C:\Users\joao.martins\.m2\org\springframework\spring-tx\5.3.9\spring-tx-5.3.9.jar;C:\Users\joao.martins\.m2\org\springframework\spring-beans\5.3.9\spring-beans-5.3.9.jar;C:\Users\joao.martins\.m2\org\springframework\spring-aspects\5.3.9\spring-aspects-5.3.9.jar;C:\Users\joao.martins\.m2\org\springframework\boot\spring-boot-starter-web\2.5.3\spring-boot-starter-web-2.5.3.jar;C:\Users\joao.martins\.m2\org\springframework\boot\spring-boot-starter\2.5.3\spring-boot-starter-2.5.3.jar;C:\Users\joao.martins\.m2\org\springframework\boot\spring-boot\2.5.3\spring-boot-2.5.3.jar;C:\Users\joao.martins\.m2\org\springframework\boot\spring-boot-autoconfigure\2.5.3\spring-boot-autoconfigure-2.5.3.jar;C:\Users\joao.martins\.m2\org\springframework\boot\spring-boot-starter-logging\2.5.3\spring-boot-starter-logging-2.5.3.jar;C:\Users\joao.martins\.m2\ch\qos\logback\logback-classic\1.2.4\logback-classic-1.2.4.jar;C:\Users\joao.martins\.m2\ch\qos\logback\logback-core\1.2.4\logback-core-1.2.4.jar;C:\Users\joao.martins\.m2\org\apache\logging\log4j\log4j-to-slf4j\2.14.1\log4j-to-slf4j-2.14.1.jar;C:\Users\joao.martins\.m2\org\apache\logging\log4j\log4j-api\2.14.1\log4j-api-2.14.1.jar;C:\Users\joao.martins\.m2\org\slf4j\jul-to-slf4j\1.7.32\jul-to-slf4j-1.7.32.jar;C:\Users\joao.martins\.m2\jakarta\annotation\jakarta.annotation-api\1.3.5\jakarta.annotation-api-1.3.5.jar;C:\Users\joao.martins\.m2\org\yaml\snakeyaml\1.28\snakeyaml-1.28.jar;C:\Users\joao.martins\.m2\org\springframework\boot\spring-boot-starter-json\2.5.3\spring-boot-starter-json-2.5.3.jar;C:\Users\joao.martins\.m2\com\fasterxml\jackson\core\jackson-databind\2.12.4\jackson-databind-2.12.4.jar;C:\Users\joao.martins\.m2\com\fasterxml\jackson\core\jackson-core\2.12.4\jackson-core-2.12.4.jar;C:\Users\joao.martins\.m2\com\fasterxml\jackson\datatype\jackson-datatype-jdk8\2.12.4\jackson-datatype-jdk8-2.12.4.jar;C:\Users\joao.martins\.m2\com\fasterxml\jackson\datatype\jackson-datatype-jsr310\2.12.4\jackson-datatype-jsr310-2.12.4.jar;C:\Users\joao.martins\.m2\com\fasterxml\jackson\module\jackson-module-parameter-names\2.12.4\jackson-module-parameter-names-2.12.4.jar;C:\Users\joao.martins\.m2\org\springframework\boot\spring-boot-starter-tomcat\2.5.3\spring-boot-starter-tomcat-2.5.3.jar;C:\Users\joao.martins\.m2\org\apache\tomcat\embed\tomcat-embed-core\9.0.50\tomcat-embed-core-9.0.50.jar;C:\Users\joao.martins\.m2\org\apache\tomcat\embed\tomcat-embed-websocket\9.0.50\tomcat-embed-websocket-9.0.50.jar;C:\Users\joao.martins\.m2\org\springframework\spring-web\5.3.9\spring-web-5.3.9.jar;C:\Users\joao.martins\.m2\org\springframework\spring-webmvc\5.3.9\spring-webmvc-5.3.9.jar;C:\Users\joao.martins\.m2\org\springframework\spring-expression\5.3.9\spring-expression-5.3.9.jar;C:\Users\joao.martins\.m2\org\springframework\boot\spring-boot-starter-validation\2.5.3\spring-boot-starter-validation-2.5.3.jar;C:\Users\joao.martins\.m2\org\apache\tomcat\embed\tomcat-embed-el\9.0.50\tomcat-embed-el-9.0.50.jar;C:\Users\joao.martins\.m2\org\hibernate\validator\hibernate-validator\6.2.0.Final\hibernate-validator-6.2.0.Final.jar;C:\Users\joao.martins\.m2\jakarta\validation\jakarta.validation-api\2.0.2\jakarta.validation-api-2.0.2.jar;C:\Users\joao.martins\.m2\com\h2database\h2\1.4.200\h2-1.4.200.jar;C:\Users\joao.martins\.m2\io\springfox\springfox-swagger2\2.9.2\springfox-swagger2-2.9.2.jar;C:\Users\joao.martins\.m2\io\swagger\swagger-annotations\1.5.20\swagger-annotations-1.5.20.jar;C:\Users\joao.martins\.m2\io\swagger\swagger-models\1.5.20\swagger-models-1.5.20.jar;C:\Users\joao.martins\.m2\com\fasterxml\jackson\core\jackson-annotations\2.12.4\jackson-annotations-2.12.4.jar;C:\Users\joao.martins\.m2\io\springfox\springfox-spi\2.9.2\springfox-spi-2.9.2.jar;C:\Users\joao.martins\.m2\io\springfox\springfox-core\2.9.2\springfox-core-2.9.2.jar;C:\Users\joao.martins\.m2\io\springfox\springfox-schema\2.9.2\springfox-schema-2.9.2.jar;C:\Users\joao.martins\.m2\io\springfox\springfox-swagger-common\2.9.2\springfox-swagger-common-2.9.2.jar;C:\Users\joao.martins\.m2\io\springfox\springfox-spring-web\2.9.2\springfox-spring-web-2.9.2.jar;C:\Users\joao.martins\.m2\com\google\guava\guava\20.0\guava-20.0.jar;C:\Users\joao.martins\.m2\com\fasterxml\classmate\1.5.1\classmate-1.5.1.jar;C:\Users\joao.martins\.m2\org\slf4j\slf4j-api\1.7.32\slf4j-api-1.7.32.jar;C:\Users\joao.martins\.m2\org\springframework\plugin\spring-plugin-core\1.2.0.RELEASE\spring-plugin-core-1.2.0.RELEASE.jar;C:\Users\joao.martins\.m2\org\springframework\plugin\spring-plugin-metadata\1.2.0.RELEASE\spring-plugin-metadata-1.2.0.RELEASE.jar;C:\Users\joao.martins\.m2\org\mapstruct\mapstruct\1.2.0.Final\mapstruct-1.2.0.Final.jar;C:\Users\joao.martins\.m2\io\springfox\springfox-swagger-ui\2.9.2\springfox-swagger-ui-2.9.2.jar;C:\Users\joao.martins\.m2\org\projectlombok\lombok\1.18.20\lombok-1.18.20.jar;C:\Users\joao.martins\.m2\org\modelmapper\modelmapper\2.3.5\modelmapper-2.3.5.jar;C:\Users\joao.martins\.m2\org\springframework\boot\spring-boot-starter-test\2.5.3\spring-boot-starter-test-2.5.3.jar;C:\Users\joao.martins\.m2\org\springframework\boot\spring-boot-test\2.5.3\spring-boot-test-2.5.3.jar;C:\Users\joao.martins\.m2\org\springframework\boot\spring-boot-test-autoconfigure\2.5.3\spring-boot-test-autoconfigure-2.5.3.jar;C:\Users\joao.martins\.m2\com\jayway\jsonpath\json-path\2.5.0\json-path-2.5.0.jar;C:\Users\joao.martins\.m2\net\minidev\json-smart\2.4.7\json-smart-2.4.7.jar;C:\Users\joao.martins\.m2\net\minidev\accessors-smart\2.4.7\accessors-smart-2.4.7.jar;C:\Users\joao.martins\.m2\org\ow2\asm\asm\9.1\asm-9.1.jar;C:\Users\joao.martins\.m2\jakarta\xml\bind\jakarta.xml.bind-api\2.3.3\jakarta.xml.bind-api-2.3.3.jar;C:\Users\joao.martins\.m2\jakarta\activation\jakarta.activation-api\1.2.2\jakarta.activation-api-1.2.2.jar;C:\Users\joao.martins\.m2\org\assertj\assertj-core\3.19.0\assertj-core-3.19.0.jar;C:\Users\joao.martins\.m2\org\hamcrest\hamcrest\2.2\hamcrest-2.2.jar;C:\Users\joao.martins\.m2\org\junit\jupiter\junit-jupiter\5.7.2\junit-jupiter-5.7.2.jar;C:\Users\joao.martins\.m2\org\junit\jupiter\junit-jupiter-api\5.7.2\junit-jupiter-api-5.7.2.jar;C:\Users\joao.martins\.m2\org\apiguardian\apiguardian-api\1.1.0\apiguardian-api-1.1.0.jar;C:\Users\joao.martins\.m2\org\opentest4j\opentest4j\1.2.0\opentest4j-1.2.0.jar;C:\Users\joao.martins\.m2\org\junit\platform\junit-platform-commons\1.7.2\junit-platform-commons-1.7.2.jar;C:\Users\joao.martins\.m2\org\junit\jupiter\junit-jupiter-params\5.7.2\junit-jupiter-params-5.7.2.jar;C:\Users\joao.martins\.m2\org\junit\jupiter\junit-jupiter-engine\5.7.2\junit-jupiter-engine-5.7.2.jar;C:\Users\joao.martins\.m2\org\junit\platform\junit-platform-engine\1.7.2\junit-platform-engine-1.7.2.jar;C:\Users\joao.martins\.m2\org\mockito\mockito-core\3.9.0\mockito-core-3.9.0.jar;C:\Users\joao.martins\.m2\net\bytebuddy\byte-buddy-agent\1.10.22\byte-buddy-agent-1.10.22.jar;C:\Users\joao.martins\.m2\org\objenesis\objenesis\3.2\objenesis-3.2.jar;C:\Users\joao.martins\.m2\org\mockito\mockito-junit-jupiter\3.9.0\mockito-junit-jupiter-3.9.0.jar;C:\Users\joao.martins\.m2\org\skyscreamer\jsonassert\1.5.0\jsonassert-1.5.0.jar;C:\Users\joao.martins\.m2\com\vaadin\external\google\android-json\0.0.20131108.vaadin1\android-json-0.0.20131108.vaadin1.jar;C:\Users\joao.martins\.m2\org\springframework\spring-core\5.3.9\spring-core-5.3.9.jar;C:\Users\joao.martins\.m2\org\springframework\spring-jcl\5.3.9\spring-jcl-5.3.9.jar;C:\Users\joao.martins\.m2\org\springframework\spring-test\5.3.9\spring-test-5.3.9.jar;C:\Users\joao.martins\.m2\org\xmlunit\xmlunit-core\2.8.2\xmlunit-core-2.8.2.jar;"/>
    <property name="sun.cpu.endian" value="little"/>
    <property name="user.home" value="C:\Users\joao.martins"/>
    <property name="user.language" value="pt"/>
    <property name="java.specification.vendor" value="Oracle Corporation"/>
    <property name="java.version.date" value="2022-01-18"/>
    <property name="java.home" value="C:\Users\joao.martins\Downloads\sts-4.14.1.RELEASE\plugins\org.eclipse.justj.openjdk.hotspot.jre.full.win32.x86_64_17.0.2.v20220201-1208\jre"/>
    <property name="file.separator" value="\"/>
    <property name="style.color" value="always"/>
    <property name="basedir" value="C:\Users\joao.martins\Desktop\ESTUDO\Api-Controle-de-estoque\apiControleDeEstoque"/>
    <property name="java.vm.compressedOopsMode" value="Zero based"/>
    <property name="line.separator" value="&#10;"/>
    <property name="java.vm.specification.vendor" value="Oracle Corporation"/>
    <property name="java.specification.name" value="Java Platform API Specification"/>
    <property name="surefire.real.class.path" value="C:\Users\JOAO~1.MAR\AppData\Local\Temp\surefire17020641555725083345\surefirebooter1438190877705931476.jar"/>
    <property name="user.script" value=""/>
    <property name="sun.management.compiler" value="HotSpot 64-Bit Tiered Compilers"/>
    <property name="java.runtime.version" value="17.0.2+8"/>
    <property name="user.name" value="joao.martins"/>
    <property name="path.separator" value=";"/>
    <property name="os.version" value="10.0"/>
    <property name="java.runtime.name" value="OpenJDK Runtime Environment"/>
    <property name="file.encoding" value="Cp1252"/>
    <property name="java.vm.name" value="OpenJDK 64-Bit Server VM"/>
    <property name="java.vendor.version" value="Temurin-17.0.2+8"/>
    <property name="localRepository" value="C:\Users\joao.martins\.m2"/>
    <property name="java.vendor.url.bug" value="https://github.com/adoptium/adoptium-support/issues"/>
    <property name="java.io.tmpdir" value="C:\Users\JOAO~1.MAR\AppData\Local\Temp\"/>
    <property name="java.version" value="17.0.2"/>
    <property name="user.dir" value="C:\Users\joao.martins\Desktop\ESTUDO\Api-Controle-de-estoque\apiControleDeEstoque"/>
    <property name="os.arch" value="amd64"/>
    <property name="java.vm.specification.name" value="Java Virtual Machine Specification"/>
    <property name="sun.os.patch.level" value=""/>
    <property name="native.encoding" value="Cp1252"/>
    <property name="java.library.path" value="C:\Users\joao.martins\Downloads\sts-4.14.1.RELEASE\plugins\org.eclipse.justj.openjdk.hotspot.jre.full.win32.x86_64_17.0.2.v20220201-1208\jre\bin;C:\Windows\Sun\Java\bin;C:\Windows\system32;C:\Windows;C:/Users/joao.martins/Downloads/sts-4.14.1.RELEASE//plugins/org.eclipse.justj.openjdk.hotspot.jre.full.win32.x86_64_17.0.2.v20220201-1208/jre/bin/server;C:/Users/joao.martins/Downloads/sts-4.14.1.RELEASE//plugins/org.eclipse.justj.openjdk.hotspot.jre.full.win32.x86_64_17.0.2.v20220201-1208/jre/bin;&quot;\\attbhzs035.att.com.br\public\DrLock\dese\Runtime;\\attbhzs012\PB100\Shared\PowerBuilder;&quot;;C:\Program Files (x86)\Microsoft SDKs\Azure\CLI2\wbin;C:\Program Files (x86)\Common Files\Oracle\Java\javapath;C:\Python310\Scripts\;C:\Python310\;C:\Program Files\Common Files\Oracle\Java\javapath;C:\Windows\system32;C:\Windows;C:\Windows\System32\Wbem;C:\Windows\System32\WindowsPowerShell\v1.0\;C:\Windows\System32\OpenSSH\;C:\Program Files\Azure Data Studio\bin;C:\Program Files (x86)\Sennheiser\SenncomSDK\;C:\Program Files\TortoiseSVN\bin;C:\Program Files\Git\cmd;C:\Users\joao.martins\AppData\Roaming\npm;C:\ProgramData\chocolatey\bin;C:\Program Files (x86)\Microsoft SQL Server\150\DTS\Binn\;C:\Program Files\Redis\;C:\Program Files\dotnet\;C:\Users\joao.martins\AppData\Roaming\nvm;C:\Program Files\nodejs;C:\Program Files\nodejs\;C:\Program Files\Microsoft SQL Server\110\Tools\Binn\;&quot;\\attbhzs035.att.com.br\public\DrLock\dese\Runtime;&quot;;&quot;\\attbhzs012.att.com.br\PB100\Shared\PowerBuilder;&quot;;C:\Windows\System32;C:\Program Files\Java\jdk1.8.0_202\bin;C:\Program Files\Java\apache-maven-3.8.3\bin;\\attbhzs035\public\DrLock\dese\Runtime;\\attbhzs012\pb80\Shared\PowerBuilder;\\attbhzs012\pb100\Shared\PowerBuilder;\\attbhzs006\attps\DTP\GTA\BuildTools;\\attbhzs006\attps\DTP\GTA\BuildTools\Templates\BaixaBranch_e_CriaBranch\;C:\NuGet;C:\Program Files (x86)\MSBuild\12.0\Bin;C:\Program Files (x86)\Microsoft Visual Studio 12.0\Common7\IDE;C:\Program Files\Microsoft SQL Server\130\Tools\Binn\;C:\Program Files\Microsoft SQL Server\Client SDK\ODBC\170\Tools\Binn\;C:\Program Files\MySQL\MySQL Shell 8.0\bin\;C:\Users\joao.martins\AppData\Local\Microsoft\WindowsApps;D:\Microsoft VS Code\bin;C:\Program Files\Java\jdk1.8.0_202\bin;C:\Users\joao.martins\AppData\Roaming\nvm;C:\Program Files\nodejs;C:\Users\joao.martins\AppData\Roaming\npm;C:\Users\joao.martins\AppData\Local\GitHubDesktop\bin;C:\Users\joao.martins\Downloads\sts-4.14.1.RELEASE;;."/>
    <property name="java.vm.info" value="mixed mode"/>
    <property name="java.vendor" value="Eclipse Adoptium"/>
    <property name="java.vm.version" value="17.0.2+8"/>
    <property name="sun.io.unicode.encoding" value="UnicodeLittle"/>
    <property name="java.class.version" value="61.0"/>
  </properties>
  <testcase name="contextLoads" classname="br.com.maddytec.cliente.ClienteApplicationTests" time="0.196"/>
</testsuite>